--- Forcing Re-compilation ---
rm -f main
mpicxx -std=c++11 -O3 -Wall main.cpp sparse_matrix.cpp -o main
--- Compilation Complete ---
--- Running Serial (5x) ---
Mode: Serial
Serial matrix vector multiplication completed in 370 ms.
Mode: Serial
Serial matrix vector multiplication completed in 372 ms.
Mode: Serial
Serial matrix vector multiplication completed in 376 ms.
Mode: Serial
Serial matrix vector multiplication completed in 371 ms.
Mode: Serial
Serial matrix vector multiplication completed in 375 ms.
--- Running Parallel Scaling (on 1 Node) ---
--- Testing with 8 processes (5x) ---
Mode: MPI (running on 8 processes)
Phase 1: Rank 0 reading metadata...
Phase 3: All processes reading data in parallel...
--- Job Complete ---
Total elapsed: 1132 ms.
  (Computation time: 59.019 ms)
  (I/O & Overhead: 1072.98 ms)
Mode: MPI (running on 8 processes)
Phase 1: Rank 0 reading metadata...
Phase 3: All processes reading data in parallel...
--- Job Complete ---
Total elapsed: 1157.64 ms.
  (Computation time: 59.8953 ms)
  (I/O & Overhead: 1097.75 ms)
Mode: MPI (running on 8 processes)
Phase 1: Rank 0 reading metadata...
Phase 3: All processes reading data in parallel...
--- Job Complete ---
Total elapsed: 1105.23 ms.
  (Computation time: 59.5488 ms)
  (I/O & Overhead: 1045.68 ms)
Mode: MPI (running on 8 processes)
Phase 1: Rank 0 reading metadata...
Phase 3: All processes reading data in parallel...
--- Job Complete ---
Total elapsed: 1117.31 ms.
  (Computation time: 59.6332 ms)
  (I/O & Overhead: 1057.68 ms)
Mode: MPI (running on 8 processes)
Phase 1: Rank 0 reading metadata...
Phase 3: All processes reading data in parallel...
--- Job Complete ---
Total elapsed: 1130.03 ms.
  (Computation time: 60.1813 ms)
  (I/O & Overhead: 1069.85 ms)
--- Testing with 16 processes (5x) ---
Mode: MPI (running on 16 processes)
Phase 1: Rank 0 reading metadata...
Phase 3: All processes reading data in parallel...
--- Job Complete ---
Total elapsed: 961.187 ms.
  (Computation time: 36.4021 ms)
  (I/O & Overhead: 924.785 ms)
Mode: MPI (running on 16 processes)
Phase 1: Rank 0 reading metadata...
Phase 3: All processes reading data in parallel...
--- Job Complete ---
Total elapsed: 941.584 ms.
  (Computation time: 36.4207 ms)
  (I/O & Overhead: 905.163 ms)
Mode: MPI (running on 16 processes)
Phase 1: Rank 0 reading metadata...
Phase 3: All processes reading data in parallel...
--- Job Complete ---
Total elapsed: 951.008 ms.
  (Computation time: 36.5671 ms)
  (I/O & Overhead: 914.441 ms)
Mode: MPI (running on 16 processes)
Phase 1: Rank 0 reading metadata...
Phase 3: All processes reading data in parallel...
--- Job Complete ---
Total elapsed: 951.2 ms.
  (Computation time: 36.3788 ms)
  (I/O & Overhead: 914.821 ms)
Mode: MPI (running on 16 processes)
Phase 1: Rank 0 reading metadata...
Phase 3: All processes reading data in parallel...
--- Job Complete ---
Total elapsed: 953.254 ms.
  (Computation time: 37.3322 ms)
  (I/O & Overhead: 915.922 ms)
--- Testing with 32 processes (5x) ---
Mode: MPI (running on 32 processes)
Phase 1: Rank 0 reading metadata...
Phase 3: All processes reading data in parallel...
--- Job Complete ---
Total elapsed: 1615.6 ms.
  (Computation time: 94.4769 ms)
  (I/O & Overhead: 1521.13 ms)
Mode: MPI (running on 32 processes)
Phase 1: Rank 0 reading metadata...
Phase 3: All processes reading data in parallel...
--- Job Complete ---
Total elapsed: 1626.01 ms.
  (Computation time: 97.581 ms)
  (I/O & Overhead: 1528.43 ms)
Mode: MPI (running on 32 processes)
Phase 1: Rank 0 reading metadata...
Phase 3: All processes reading data in parallel...
--- Job Complete ---
Total elapsed: 1630.48 ms.
  (Computation time: 101.69 ms)
  (I/O & Overhead: 1528.79 ms)
Mode: MPI (running on 32 processes)
Phase 1: Rank 0 reading metadata...
Phase 3: All processes reading data in parallel...
--- Job Complete ---
Total elapsed: 1617.98 ms.
  (Computation time: 115.513 ms)
  (I/O & Overhead: 1502.47 ms)
Mode: MPI (running on 32 processes)
Phase 1: Rank 0 reading metadata...
Phase 3: All processes reading data in parallel...
--- Job Complete ---
Total elapsed: 1629.23 ms.
  (Computation time: 120.466 ms)
  (I/O & Overhead: 1508.76 ms)
--- Testing with 64 processes (5x) ---
--- Testing with 128 processes (5x) ---
--- Job Complete ---
